<?xml version="1.0" encoding="UTF-8"?>
<TestRun id="971f1606-85b2-4f0f-a304-cfcc08d1ef3d" name="kbbrodzx@KBBRODZX-MOBL1 2013-05-21 10:55:21" runUser="GER\kbbrodzx" xmlns="http://microsoft.com/schemas/VisualStudio/TeamTest/2010">
  <TestSettings name="Local" id="e46f7164-57f4-460c-a2fb-52d02bfd37fe">
    <Description>These are default test settings for a local test run.</Description>
    <Deployment enabled="false" runDeploymentRoot="kbbrodzx_KBBRODZX-MOBL1 2013-05-21 10_55_21">
      <DeploymentItem filename="c:\users\kbbrodzx\documents\visual studio 2010\Projects\MvcAbstractGrid\MvcAbstractGrid\bin\Debug\MvcAbstractGrid.dll" />
    </Deployment>
    <Execution>
      <TestTypeSpecific />
      <AgentRule name="Execution Agents">
      </AgentRule>
    </Execution>
  </TestSettings>
  <Times creation="2013-05-21T10:55:21.7600462+02:00" queuing="2013-05-21T10:55:22.1640866+02:00" start="2013-05-21T10:55:22.1710873+02:00" finish="2013-05-21T10:55:22.7391441+02:00" />
  <ResultSummary outcome="Failed">
    <Counters total="1" executed="1" error="0" failed="1" timeout="0" aborted="0" inconclusive="0" passedButRunAborted="0" notRunnable="0" notExecuted="0" disconnected="0" warning="0" passed="0" completed="0" inProgress="0" pending="0" />
  </ResultSummary>
  <TestDefinitions>
    <UnitTest name="Result_Correct_Column_Order" storage="c:\users\kbbrodzx\documents\visual studio 2010\projects\mvcabstractgrid\mvcabstractgridtests\bin\debug\mvcabstractgridtests.dll" id="330c636f-6eda-56a3-d089-ea9a44400f36">
      <Execution id="21890220-84f2-49b6-a22a-51771fe3f694" />
      <TestMethod codeBase="c:/users/kbbrodzx/documents/visual studio 2010/Projects/MvcAbstractGrid/MvcAbstractGridTests/bin/Debug/MvcAbstractGridTests.DLL" adapterTypeName="Microsoft.VisualStudio.TestTools.TestTypes.Unit.UnitTestAdapter, Microsoft.VisualStudio.QualityTools.Tips.UnitTest.Adapter, Version=10.0.0.0, Culture=neutral, PublicKeyToken=b03f5f7f11d50a3a" className="MvcAbstractGridTests.GridFromViewModelTests, MvcAbstractGridTests, Version=1.0.0.0, Culture=neutral, PublicKeyToken=null" name="Result_Correct_Column_Order" />
    </UnitTest>
  </TestDefinitions>
  <TestLists>
    <TestList name="Results Not in a List" id="8c84fa94-04c1-424b-9868-57a2d4851a1d" />
    <TestList name="All Loaded Results" id="19431567-8539-422a-85d7-44ee4e166bda" />
  </TestLists>
  <TestEntries>
    <TestEntry testId="330c636f-6eda-56a3-d089-ea9a44400f36" executionId="21890220-84f2-49b6-a22a-51771fe3f694" testListId="8c84fa94-04c1-424b-9868-57a2d4851a1d" />
  </TestEntries>
  <Results>
    <UnitTestResult executionId="21890220-84f2-49b6-a22a-51771fe3f694" testId="330c636f-6eda-56a3-d089-ea9a44400f36" testName="Result_Correct_Column_Order" computerName="KBBRODZX-MOBL1" duration="00:00:00.0284453" startTime="2013-05-21T10:55:22.1910893+02:00" endTime="2013-05-21T10:55:22.6841386+02:00" testType="13cdc9d9-ddb5-4fa4-a97d-d965ccfc6d4b" outcome="Failed" testListId="8c84fa94-04c1-424b-9868-57a2d4851a1d" relativeResultsDirectory="21890220-84f2-49b6-a22a-51771fe3f694">
      <Output>
        <ErrorInfo>
          <Message>Test method MvcAbstractGridTests.GridFromViewModelTests.Result_Correct_Column_Order threw exception: 
System.NotImplementedException: The method or operation is not implemented.</Message>
          <StackTrace>    at MvcAbstractGridTests.MachineViewModel.FromCollection(IEnumerable`1 items) in c:\users\kbbrodzx\documents\visual studio 2010\Projects\MvcAbstractGrid\MvcAbstractGridTests\MachineViewModel.cs:line 14
   at MvcAbstractGridTests.GridFromViewModelTests.Result_Correct_Column_Order() in c:\users\kbbrodzx\documents\visual studio 2010\Projects\MvcAbstractGrid\MvcAbstractGridTests\GridFromViewModelTests.cs:line 43
</StackTrace>
        </ErrorInfo>
      </Output>
    </UnitTestResult>
  </Results>
</TestRun>