<?xml version="1.0" encoding="UTF-8"?>
<TestRun id="9a001e38-3c79-4ea5-8be1-f93cfbf78b6f" name="kbbrodzx@KBBRODZX-MOBL1 2013-05-21 10:55:09" runUser="GER\kbbrodzx" xmlns="http://microsoft.com/schemas/VisualStudio/TeamTest/2010">
  <TestSettings name="Local" id="e46f7164-57f4-460c-a2fb-52d02bfd37fe">
    <Description>These are default test settings for a local test run.</Description>
    <Deployment enabled="false" runDeploymentRoot="kbbrodzx_KBBRODZX-MOBL1 2013-05-21 10_55_09">
      <DeploymentItem filename="c:\users\kbbrodzx\documents\visual studio 2010\Projects\MvcAbstractGrid\MvcAbstractGrid\bin\Debug\MvcAbstractGrid.dll" />
    </Deployment>
    <Execution>
      <TestTypeSpecific />
      <AgentRule name="Execution Agents">
      </AgentRule>
    </Execution>
  </TestSettings>
  <Times creation="2013-05-21T10:55:09.7578461+02:00" queuing="2013-05-21T10:55:09.8928596+02:00" start="2013-05-21T10:55:09.9018605+02:00" finish="2013-05-21T10:55:10.4959199+02:00" />
  <ResultSummary outcome="Completed">
    <Counters total="1" executed="1" passed="1" error="0" failed="0" timeout="0" aborted="0" inconclusive="0" passedButRunAborted="0" notRunnable="0" notExecuted="0" disconnected="0" warning="0" completed="0" inProgress="0" pending="0" />
  </ResultSummary>
  <TestDefinitions>
    <UnitTest name="Result_Is_Well_Formed_Html" storage="c:\users\kbbrodzx\documents\visual studio 2010\projects\mvcabstractgrid\mvcabstractgridtests\bin\debug\mvcabstractgridtests.dll" id="594ae554-f593-72a4-c646-fd279ac58bd5">
      <Execution id="d5dc2b42-1d90-4b63-9da1-e1f0324b767f" />
      <TestMethod codeBase="c:/users/kbbrodzx/documents/visual studio 2010/Projects/MvcAbstractGrid/MvcAbstractGridTests/bin/Debug/MvcAbstractGridTests.DLL" adapterTypeName="Microsoft.VisualStudio.TestTools.TestTypes.Unit.UnitTestAdapter, Microsoft.VisualStudio.QualityTools.Tips.UnitTest.Adapter, Version=10.0.0.0, Culture=neutral, PublicKeyToken=b03f5f7f11d50a3a" className="MvcAbstractGridTests.GridFromViewModelTests, MvcAbstractGridTests, Version=1.0.0.0, Culture=neutral, PublicKeyToken=null" name="Result_Is_Well_Formed_Html" />
    </UnitTest>
  </TestDefinitions>
  <TestLists>
    <TestList name="Results Not in a List" id="8c84fa94-04c1-424b-9868-57a2d4851a1d" />
    <TestList name="All Loaded Results" id="19431567-8539-422a-85d7-44ee4e166bda" />
  </TestLists>
  <TestEntries>
    <TestEntry testId="594ae554-f593-72a4-c646-fd279ac58bd5" executionId="d5dc2b42-1d90-4b63-9da1-e1f0324b767f" testListId="8c84fa94-04c1-424b-9868-57a2d4851a1d" />
  </TestEntries>
  <Results>
    <UnitTestResult executionId="d5dc2b42-1d90-4b63-9da1-e1f0324b767f" testId="594ae554-f593-72a4-c646-fd279ac58bd5" testName="Result_Is_Well_Formed_Html" computerName="KBBRODZX-MOBL1" duration="00:00:00.0127002" startTime="2013-05-21T10:55:09.9098613+02:00" endTime="2013-05-21T10:55:10.4769180+02:00" testType="13cdc9d9-ddb5-4fa4-a97d-d965ccfc6d4b" outcome="Passed" testListId="8c84fa94-04c1-424b-9868-57a2d4851a1d" relativeResultsDirectory="d5dc2b42-1d90-4b63-9da1-e1f0324b767f">
    </UnitTestResult>
  </Results>
</TestRun>